<?xml version="1.0" encoding="UTF-8"?>
<testsuite xmlns:xsi="http://www.w3.org/2001/XMLSchema-instance" xsi:noNamespaceSchemaLocation="https://maven.apache.org/surefire/maven-surefire-plugin/xsd/surefire-test-report-3.0.xsd" version="3.0" name="edu.berkeley.cs.jqf.fuzz.util.CoverageTest" time="0.011" tests="5" errors="0" skipped="0" failures="0">
  <properties>
[...]
</properties>
  <testcase name="coverageCountsDistinctBranchesAndCalls" classname="edu.berkeley.cs.jqf.fuzz.util.CoverageTest" time="0"/>
  <testcase name="testCoverageUpdateBits1" classname="edu.berkeley.cs.jqf.fuzz.util.CoverageTest" time="0.003"/>
  <testcase name="testCoverageUpdateBits2" classname="edu.berkeley.cs.jqf.fuzz.util.CoverageTest" time="0.002"/>
  <testcase name="testCoverageUpdateBits3" classname="edu.berkeley.cs.jqf.fuzz.util.CoverageTest" time="0.002"/>
  <testcase name="testCoverageUpdateBits4" classname="edu.berkeley.cs.jqf.fuzz.util.CoverageTest" time="0.002"/>
</testsuite>